<?xml version="1.0" encoding="UTF-8"?>
<testsuite xmlns:xsi="http://www.w3.org/2001/XMLSchema-instance" xsi:noNamespaceSchemaLocation="https://maven.apache.org/surefire/maven-surefire-plugin/xsd/surefire-test-report.xsd" name="mr.fmr.api.ApiApplicationTests" time="26.572" tests="1" errors="0" skipped="0" failures="0">
  <properties>
    <property name="sun.desktop" value="gnome"/>
    <property name="awt.toolkit" value="sun.awt.X11.XToolkit"/>
    <property name="java.specification.version" value="11"/>
    <property name="sun.cpu.isalist" value=""/>
    <property name="sun.jnu.encoding" value="UTF-8"/>
    <property name="java.class.path" value="/home/marcos/git/fmr_api/target/test-classes:/home/marcos/git/fmr_api/target/api-0.0.1-SNAPSHOT/WEB-INF/classes:/home/marcos/.m2/repository/org/springframework/boot/spring-boot-starter-web/2.2.1.RELEASE/spring-boot-starter-web-2.2.1.RELEASE.jar:/home/marcos/.m2/repository/org/springframework/boot/spring-boot-starter/2.1.7.RELEASE/spring-boot-starter-2.1.7.RELEASE.jar:/home/marcos/.m2/repository/org/springframework/boot/spring-boot-starter-logging/2.1.7.RELEASE/spring-boot-starter-logging-2.1.7.RELEASE.jar:/home/marcos/.m2/repository/ch/qos/logback/logback-classic/1.2.3/logback-classic-1.2.3.jar:/home/marcos/.m2/repository/ch/qos/logback/logback-core/1.2.3/logback-core-1.2.3.jar:/home/marcos/.m2/repository/org/apache/logging/log4j/log4j-to-slf4j/2.11.2/log4j-to-slf4j-2.11.2.jar:/home/marcos/.m2/repository/org/apache/logging/log4j/log4j-api/2.11.2/log4j-api-2.11.2.jar:/home/marcos/.m2/repository/javax/annotation/javax.annotation-api/1.3.2/javax.annotation-api-1.3.2.jar:/home/marcos/.m2/repository/org/yaml/snakeyaml/1.23/snakeyaml-1.23.jar:/home/marcos/.m2/repository/org/springframework/boot/spring-boot-starter-json/2.1.7.RELEASE/spring-boot-starter-json-2.1.7.RELEASE.jar:/home/marcos/.m2/repository/com/fasterxml/jackson/datatype/jackson-datatype-jdk8/2.9.9/jackson-datatype-jdk8-2.9.9.jar:/home/marcos/.m2/repository/com/fasterxml/jackson/datatype/jackson-datatype-jsr310/2.9.9/jackson-datatype-jsr310-2.9.9.jar:/home/marcos/.m2/repository/com/fasterxml/jackson/module/jackson-module-parameter-names/2.9.9/jackson-module-parameter-names-2.9.9.jar:/home/marcos/.m2/repository/org/springframework/boot/spring-boot-starter-tomcat/2.1.7.RELEASE/spring-boot-starter-tomcat-2.1.7.RELEASE.jar:/home/marcos/.m2/repository/org/apache/tomcat/embed/tomcat-embed-core/9.0.22/tomcat-embed-core-9.0.22.jar:/home/marcos/.m2/repository/org/apache/tomcat/embed/tomcat-embed-el/9.0.22/tomcat-embed-el-9.0.22.jar:/home/marcos/.m2/repository/org/apache/tomcat/embed/tomcat-embed-websocket/9.0.22/tomcat-embed-websocket-9.0.22.jar:/home/marcos/.m2/repository/org/springframework/boot/spring-boot-starter-validation/2.1.7.RELEASE/spring-boot-starter-validation-2.1.7.RELEASE.jar:/home/marcos/.m2/repository/org/hibernate/validator/hibernate-validator/6.0.17.Final/hibernate-validator-6.0.17.Final.jar:/home/marcos/.m2/repository/javax/validation/validation-api/2.0.1.Final/validation-api-2.0.1.Final.jar:/home/marcos/.m2/repository/org/springframework/spring-web/5.1.9.RELEASE/spring-web-5.1.9.RELEASE.jar:/home/marcos/.m2/repository/org/springframework/spring-beans/5.1.9.RELEASE/spring-beans-5.1.9.RELEASE.jar:/home/marcos/.m2/repository/org/springframework/spring-webmvc/5.1.9.RELEASE/spring-webmvc-5.1.9.RELEASE.jar:/home/marcos/.m2/repository/org/springframework/spring-context/5.1.9.RELEASE/spring-context-5.1.9.RELEASE.jar:/home/marcos/.m2/repository/org/springframework/spring-expression/5.1.9.RELEASE/spring-expression-5.1.9.RELEASE.jar:/home/marcos/.m2/repository/org/springframework/boot/spring-boot-starter-data-jpa/2.1.7.RELEASE/spring-boot-starter-data-jpa-2.1.7.RELEASE.jar:/home/marcos/.m2/repository/org/springframework/boot/spring-boot-starter-aop/2.1.7.RELEASE/spring-boot-starter-aop-2.1.7.RELEASE.jar:/home/marcos/.m2/repository/org/aspectj/aspectjweaver/1.9.4/aspectjweaver-1.9.4.jar:/home/marcos/.m2/repository/org/springframework/boot/spring-boot-starter-jdbc/2.1.7.RELEASE/spring-boot-starter-jdbc-2.1.7.RELEASE.jar:/home/marcos/.m2/repository/com/zaxxer/HikariCP/3.2.0/HikariCP-3.2.0.jar:/home/marcos/.m2/repository/org/springframework/spring-jdbc/5.1.9.RELEASE/spring-jdbc-5.1.9.RELEASE.jar:/home/marcos/.m2/repository/javax/transaction/javax.transaction-api/1.3/javax.transaction-api-1.3.jar:/home/marcos/.m2/repository/org/springframework/data/spring-data-jpa/2.1.10.RELEASE/spring-data-jpa-2.1.10.RELEASE.jar:/home/marcos/.m2/repository/org/springframework/data/spring-data-commons/2.1.10.RELEASE/spring-data-commons-2.1.10.RELEASE.jar:/home/marcos/.m2/repository/org/springframework/spring-orm/5.1.9.RELEASE/spring-orm-5.1.9.RELEASE.jar:/home/marcos/.m2/repository/org/springframework/spring-tx/5.1.9.RELEASE/spring-tx-5.1.9.RELEASE.jar:/home/marcos/.m2/repository/org/springframework/spring-aspects/5.1.9.RELEASE/spring-aspects-5.1.9.RELEASE.jar:/home/marcos/.m2/repository/org/springframework/boot/spring-boot-starter-security/2.1.7.RELEASE/spring-boot-starter-security-2.1.7.RELEASE.jar:/home/marcos/.m2/repository/org/springframework/spring-aop/5.1.9.RELEASE/spring-aop-5.1.9.RELEASE.jar:/home/marcos/.m2/repository/org/springframework/security/spring-security-config/5.1.6.RELEASE/spring-security-config-5.1.6.RELEASE.jar:/home/marcos/.m2/repository/org/springframework/security/spring-security-web/5.1.6.RELEASE/spring-security-web-5.1.6.RELEASE.jar:/home/marcos/.m2/repository/org/springframework/security/oauth/boot/spring-security-oauth2-autoconfigure/2.1.1.RELEASE/spring-security-oauth2-autoconfigure-2.1.1.RELEASE.jar:/home/marcos/.m2/repository/com/fasterxml/jackson/core/jackson-annotations/2.9.0/jackson-annotations-2.9.0.jar:/home/marcos/.m2/repository/com/fasterxml/jackson/core/jackson-databind/2.9.9/jackson-databind-2.9.9.jar:/home/marcos/.m2/repository/com/fasterxml/jackson/core/jackson-core/2.9.9/jackson-core-2.9.9.jar:/home/marcos/.m2/repository/com/sun/xml/bind/jaxb-core/2.3.0.1/jaxb-core-2.3.0.1.jar:/home/marcos/.m2/repository/com/sun/xml/bind/jaxb-impl/2.3.0.1/jaxb-impl-2.3.0.1.jar:/home/marcos/.m2/repository/org/springframework/boot/spring-boot/2.1.7.RELEASE/spring-boot-2.1.7.RELEASE.jar:/home/marcos/.m2/repository/org/springframework/boot/spring-boot-autoconfigure/2.1.7.RELEASE/spring-boot-autoconfigure-2.1.7.RELEASE.jar:/home/marcos/.m2/repository/org/springframework/security/oauth/spring-security-oauth2/2.3.4.RELEASE/spring-security-oauth2-2.3.4.RELEASE.jar:/home/marcos/.m2/repository/commons-codec/commons-codec/1.11/commons-codec-1.11.jar:/home/marcos/.m2/repository/org/codehaus/jackson/jackson-mapper-asl/1.9.13/jackson-mapper-asl-1.9.13.jar:/home/marcos/.m2/repository/org/codehaus/jackson/jackson-core-asl/1.9.13/jackson-core-asl-1.9.13.jar:/home/marcos/.m2/repository/org/springframework/security/spring-security-jwt/1.0.9.RELEASE/spring-security-jwt-1.0.9.RELEASE.jar:/home/marcos/.m2/repository/org/bouncycastle/bcpkix-jdk15on/1.56/bcpkix-jdk15on-1.56.jar:/home/marcos/.m2/repository/org/bouncycastle/bcprov-jdk15on/1.56/bcprov-jdk15on-1.56.jar:/home/marcos/.m2/repository/mysql/mysql-connector-java/8.0.15/mysql-connector-java-8.0.15.jar:/home/marcos/.m2/repository/com/google/cloud/sql/mysql-socket-factory-connector-j-8/1.0.15/mysql-socket-factory-connector-j-8-1.0.15.jar:/home/marcos/.m2/repository/com/google/cloud/sql/jdbc-socket-factory-core/1.0.15/jdbc-socket-factory-core-1.0.15.jar:/home/marcos/.m2/repository/com/google/apis/google-api-services-sqladmin/v1beta4-rev20190607-1.30.1/google-api-services-sqladmin-v1beta4-rev20190607-1.30.1.jar:/home/marcos/.m2/repository/com/google/auth/google-auth-library-oauth2-http/0.17.1/google-auth-library-oauth2-http-0.17.1.jar:/home/marcos/.m2/repository/com/google/auto/value/auto-value-annotations/1.6.6/auto-value-annotations-1.6.6.jar:/home/marcos/.m2/repository/com/google/http-client/google-http-client-jackson2/1.31.0/google-http-client-jackson2-1.31.0.jar:/home/marcos/.m2/repository/com/github/jnr/jnr-unixsocket/0.23/jnr-unixsocket-0.23.jar:/home/marcos/.m2/repository/com/github/jnr/jnr-ffi/2.1.10/jnr-ffi-2.1.10.jar:/home/marcos/.m2/repository/com/github/jnr/jffi/1.2.19/jffi-1.2.19.jar:/home/marcos/.m2/repository/com/github/jnr/jffi/1.2.19/jffi-1.2.19-native.jar:/home/marcos/.m2/repository/org/ow2/asm/asm-commons/7.1/asm-commons-7.1.jar:/home/marcos/.m2/repository/com/github/jnr/jnr-a64asm/1.0.0/jnr-a64asm-1.0.0.jar:/home/marcos/.m2/repository/com/github/jnr/jnr-x86asm/1.0.2/jnr-x86asm-1.0.2.jar:/home/marcos/.m2/repository/com/github/jnr/jnr-constants/0.9.12/jnr-constants-0.9.12.jar:/home/marcos/.m2/repository/com/github/jnr/jnr-enxio/0.21/jnr-enxio-0.21.jar:/home/marcos/.m2/repository/com/github/jnr/jnr-posix/3.0.50/jnr-posix-3.0.50.jar:/home/marcos/.m2/repository/org/ow2/asm/asm-util/7.1/asm-util-7.1.jar:/home/marcos/.m2/repository/org/ow2/asm/asm/7.1/asm-7.1.jar:/home/marcos/.m2/repository/org/ow2/asm/asm-tree/7.1/asm-tree-7.1.jar:/home/marcos/.m2/repository/org/ow2/asm/asm-analysis/7.1/asm-analysis-7.1.jar:/home/marcos/.m2/repository/org/springframework/boot/spring-boot-starter-test/2.1.7.RELEASE/spring-boot-starter-test-2.1.7.RELEASE.jar:/home/marcos/.m2/repository/org/springframework/boot/spring-boot-test/2.1.7.RELEASE/spring-boot-test-2.1.7.RELEASE.jar:/home/marcos/.m2/repository/org/springframework/boot/spring-boot-test-autoconfigure/2.1.7.RELEASE/spring-boot-test-autoconfigure-2.1.7.RELEASE.jar:/home/marcos/.m2/repository/com/jayway/jsonpath/json-path/2.4.0/json-path-2.4.0.jar:/home/marcos/.m2/repository/net/minidev/json-smart/2.3/json-smart-2.3.jar:/home/marcos/.m2/repository/net/minidev/accessors-smart/1.2/accessors-smart-1.2.jar:/home/marcos/.m2/repository/junit/junit/4.12/junit-4.12.jar:/home/marcos/.m2/repository/org/assertj/assertj-core/3.11.1/assertj-core-3.11.1.jar:/home/marcos/.m2/repository/org/mockito/mockito-core/2.23.4/mockito-core-2.23.4.jar:/home/marcos/.m2/repository/net/bytebuddy/byte-buddy-agent/1.9.16/byte-buddy-agent-1.9.16.jar:/home/marcos/.m2/repository/org/objenesis/objenesis/2.6/objenesis-2.6.jar:/home/marcos/.m2/repository/org/hamcrest/hamcrest-core/1.3/hamcrest-core-1.3.jar:/home/marcos/.m2/repository/org/hamcrest/hamcrest-library/1.3/hamcrest-library-1.3.jar:/home/marcos/.m2/repository/org/skyscreamer/jsonassert/1.5.0/jsonassert-1.5.0.jar:/home/marcos/.m2/repository/com/vaadin/external/google/android-json/0.0.20131108.vaadin1/android-json-0.0.20131108.vaadin1.jar:/home/marcos/.m2/repository/org/springframework/spring-core/5.1.9.RELEASE/spring-core-5.1.9.RELEASE.jar:/home/marcos/.m2/repository/org/springframework/spring-jcl/5.1.9.RELEASE/spring-jcl-5.1.9.RELEASE.jar:/home/marcos/.m2/repository/org/springframework/spring-test/5.1.9.RELEASE/spring-test-5.1.9.RELEASE.jar:/home/marcos/.m2/repository/org/xmlunit/xmlunit-core/2.6.3/xmlunit-core-2.6.3.jar:/home/marcos/.m2/repository/org/springframework/security/spring-security-test/5.1.6.RELEASE/spring-security-test-5.1.6.RELEASE.jar:/home/marcos/.m2/repository/org/springframework/security/spring-security-core/5.1.6.RELEASE/spring-security-core-5.1.6.RELEASE.jar:/home/marcos/.m2/repository/javax/servlet/javax.servlet-api/4.0.1/javax.servlet-api-4.0.1.jar:/home/marcos/.m2/repository/org/slf4j/jul-to-slf4j/1.7.26/jul-to-slf4j-1.7.26.jar:/home/marcos/.m2/repository/org/slf4j/slf4j-api/1.7.26/slf4j-api-1.7.26.jar:/home/marcos/.m2/repository/org/hibernate/hibernate-core/5.4.0.Final/hibernate-core-5.4.0.Final.jar:/home/marcos/.m2/repository/org/jboss/logging/jboss-logging/3.3.2.Final/jboss-logging-3.3.2.Final.jar:/home/marcos/.m2/repository/javax/persistence/javax.persistence-api/2.2/javax.persistence-api-2.2.jar:/home/marcos/.m2/repository/org/javassist/javassist/3.24.0-GA/javassist-3.24.0-GA.jar:/home/marcos/.m2/repository/net/bytebuddy/byte-buddy/1.9.16/byte-buddy-1.9.16.jar:/home/marcos/.m2/repository/antlr/antlr/2.7.7/antlr-2.7.7.jar:/home/marcos/.m2/repository/org/jboss/spec/javax/transaction/jboss-transaction-api_1.2_spec/1.1.1.Final/jboss-transaction-api_1.2_spec-1.1.1.Final.jar:/home/marcos/.m2/repository/org/jboss/jandex/2.0.5.Final/jandex-2.0.5.Final.jar:/home/marcos/.m2/repository/com/fasterxml/classmate/1.4.0/classmate-1.4.0.jar:/home/marcos/.m2/repository/javax/activation/javax.activation-api/1.2.0/javax.activation-api-1.2.0.jar:/home/marcos/.m2/repository/org/dom4j/dom4j/2.1.1/dom4j-2.1.1.jar:/home/marcos/.m2/repository/org/hibernate/common/hibernate-commons-annotations/5.1.0.Final/hibernate-commons-annotations-5.1.0.Final.jar:/home/marcos/.m2/repository/org/glassfish/jaxb/jaxb-runtime/2.3.1/jaxb-runtime-2.3.1.jar:/home/marcos/.m2/repository/org/glassfish/jaxb/txw2/2.3.1/txw2-2.3.1.jar:/home/marcos/.m2/repository/com/sun/istack/istack-commons-runtime/3.0.7/istack-commons-runtime-3.0.7.jar:/home/marcos/.m2/repository/org/jvnet/staxex/stax-ex/1.8/stax-ex-1.8.jar:/home/marcos/.m2/repository/com/sun/xml/fastinfoset/FastInfoset/1.2.15/FastInfoset-1.2.15.jar:/home/marcos/.m2/repository/javax/xml/bind/jaxb-api/2.3.0/jaxb-api-2.3.0.jar:/home/marcos/.m2/repository/org/springframework/cloud/spring-cloud-gcp-starter-sql-mysql/1.2.0.RELEASE/spring-cloud-gcp-starter-sql-mysql-1.2.0.RELEASE.jar:/home/marcos/.m2/repository/org/springframework/cloud/spring-cloud-gcp-starter/1.2.0.RELEASE/spring-cloud-gcp-starter-1.2.0.RELEASE.jar:/home/marcos/.m2/repository/org/springframework/cloud/spring-cloud-gcp-core/1.2.0.RELEASE/spring-cloud-gcp-core-1.2.0.RELEASE.jar:/home/marcos/.m2/repository/org/springframework/cloud/spring-cloud-gcp-autoconfigure/1.2.0.RELEASE/spring-cloud-gcp-autoconfigure-1.2.0.RELEASE.jar:/home/marcos/.m2/repository/com/google/cloud/sql/mysql-socket-factory/1.0.15/mysql-socket-factory-1.0.15.jar:/home/marcos/.m2/repository/com/google/cloud/google-cloud-storage/1.101.0/google-cloud-storage-1.101.0.jar:/home/marcos/.m2/repository/com/google/cloud/google-cloud-core-http/1.91.3/google-cloud-core-http-1.91.3.jar:/home/marcos/.m2/repository/com/google/cloud/google-cloud-core/1.91.3/google-cloud-core-1.91.3.jar:/home/marcos/.m2/repository/com/google/protobuf/protobuf-java-util/3.10.0/protobuf-java-util-3.10.0.jar:/home/marcos/.m2/repository/com/google/api/grpc/proto-google-common-protos/1.17.0/proto-google-common-protos-1.17.0.jar:/home/marcos/.m2/repository/com/google/api/grpc/proto-google-iam-v1/0.13.0/proto-google-iam-v1-0.13.0.jar:/home/marcos/.m2/repository/org/threeten/threetenbp/1.3.3/threetenbp-1.3.3.jar:/home/marcos/.m2/repository/com/google/protobuf/protobuf-java/3.10.0/protobuf-java-3.10.0.jar:/home/marcos/.m2/repository/com/google/auth/google-auth-library-credentials/0.18.0/google-auth-library-credentials-0.18.0.jar:/home/marcos/.m2/repository/com/google/http-client/google-http-client/1.32.1/google-http-client-1.32.1.jar:/home/marcos/.m2/repository/org/apache/httpcomponents/httpclient/4.5.9/httpclient-4.5.9.jar:/home/marcos/.m2/repository/org/apache/httpcomponents/httpcore/4.4.11/httpcore-4.4.11.jar:/home/marcos/.m2/repository/com/google/j2objc/j2objc-annotations/1.3/j2objc-annotations-1.3.jar:/home/marcos/.m2/repository/com/google/guava/guava/28.1-android/guava-28.1-android.jar:/home/marcos/.m2/repository/com/google/guava/failureaccess/1.0.1/failureaccess-1.0.1.jar:/home/marcos/.m2/repository/com/google/guava/listenablefuture/9999.0-empty-to-avoid-conflict-with-guava/listenablefuture-9999.0-empty-to-avoid-conflict-with-guava.jar:/home/marcos/.m2/repository/org/checkerframework/checker-compat-qual/2.5.5/checker-compat-qual-2.5.5.jar:/home/marcos/.m2/repository/com/google/errorprone/error_prone_annotations/2.3.2/error_prone_annotations-2.3.2.jar:/home/marcos/.m2/repository/org/codehaus/mojo/animal-sniffer-annotations/1.18/animal-sniffer-annotations-1.18.jar:/home/marcos/.m2/repository/com/google/api-client/google-api-client/1.30.4/google-api-client-1.30.4.jar:/home/marcos/.m2/repository/com/google/oauth-client/google-oauth-client/1.30.3/google-oauth-client-1.30.3.jar:/home/marcos/.m2/repository/com/google/http-client/google-http-client-appengine/1.32.1/google-http-client-appengine-1.32.1.jar:/home/marcos/.m2/repository/com/google/api/gax/1.49.1/gax-1.49.1.jar:/home/marcos/.m2/repository/com/google/api/gax-httpjson/0.66.1/gax-httpjson-0.66.1.jar:/home/marcos/.m2/repository/com/google/code/gson/gson/2.8.5/gson-2.8.5.jar:/home/marcos/.m2/repository/com/google/code/findbugs/jsr305/3.0.2/jsr305-3.0.2.jar:/home/marcos/.m2/repository/io/opencensus/opencensus-api/0.24.0/opencensus-api-0.24.0.jar:/home/marcos/.m2/repository/io/grpc/grpc-context/1.22.1/grpc-context-1.22.1.jar:/home/marcos/.m2/repository/io/opencensus/opencensus-contrib-http-util/0.24.0/opencensus-contrib-http-util-0.24.0.jar:/home/marcos/.m2/repository/com/google/api/api-common/1.8.1/api-common-1.8.1.jar:/home/marcos/.m2/repository/com/google/apis/google-api-services-storage/v1-rev20190910-1.30.3/google-api-services-storage-v1-rev20190910-1.30.3.jar:"/>
    <property name="java.vm.vendor" value="Ubuntu"/>
    <property name="sun.arch.data.model" value="64"/>
    <property name="java.vendor.url" value="https://ubuntu.com/"/>
    <property name="user.timezone" value=""/>
    <property name="java.vm.specification.version" value="11"/>
    <property name="os.name" value="Linux"/>
    <property name="sun.java.launcher" value="SUN_STANDARD"/>
    <property name="user.country" value="US"/>
    <property name="sun.boot.library.path" value="/usr/lib/jvm/java-11-openjdk-amd64/lib"/>
    <property name="sun.java.command" value="/home/marcos/git/fmr_api/target/surefire/surefirebooter13675077019137748287.jar /home/marcos/git/fmr_api/target/surefire 2019-12-04T02-35-42_677-jvmRun1 surefire14756515238019973584tmp surefire_017137398950946221906tmp"/>
    <property name="jdk.debug" value="release"/>
    <property name="surefire.test.class.path" value="/home/marcos/git/fmr_api/target/test-classes:/home/marcos/git/fmr_api/target/api-0.0.1-SNAPSHOT/WEB-INF/classes:/home/marcos/.m2/repository/org/springframework/boot/spring-boot-starter-web/2.2.1.RELEASE/spring-boot-starter-web-2.2.1.RELEASE.jar:/home/marcos/.m2/repository/org/springframework/boot/spring-boot-starter/2.1.7.RELEASE/spring-boot-starter-2.1.7.RELEASE.jar:/home/marcos/.m2/repository/org/springframework/boot/spring-boot-starter-logging/2.1.7.RELEASE/spring-boot-starter-logging-2.1.7.RELEASE.jar:/home/marcos/.m2/repository/ch/qos/logback/logback-classic/1.2.3/logback-classic-1.2.3.jar:/home/marcos/.m2/repository/ch/qos/logback/logback-core/1.2.3/logback-core-1.2.3.jar:/home/marcos/.m2/repository/org/apache/logging/log4j/log4j-to-slf4j/2.11.2/log4j-to-slf4j-2.11.2.jar:/home/marcos/.m2/repository/org/apache/logging/log4j/log4j-api/2.11.2/log4j-api-2.11.2.jar:/home/marcos/.m2/repository/javax/annotation/javax.annotation-api/1.3.2/javax.annotation-api-1.3.2.jar:/home/marcos/.m2/repository/org/yaml/snakeyaml/1.23/snakeyaml-1.23.jar:/home/marcos/.m2/repository/org/springframework/boot/spring-boot-starter-json/2.1.7.RELEASE/spring-boot-starter-json-2.1.7.RELEASE.jar:/home/marcos/.m2/repository/com/fasterxml/jackson/datatype/jackson-datatype-jdk8/2.9.9/jackson-datatype-jdk8-2.9.9.jar:/home/marcos/.m2/repository/com/fasterxml/jackson/datatype/jackson-datatype-jsr310/2.9.9/jackson-datatype-jsr310-2.9.9.jar:/home/marcos/.m2/repository/com/fasterxml/jackson/module/jackson-module-parameter-names/2.9.9/jackson-module-parameter-names-2.9.9.jar:/home/marcos/.m2/repository/org/springframework/boot/spring-boot-starter-tomcat/2.1.7.RELEASE/spring-boot-starter-tomcat-2.1.7.RELEASE.jar:/home/marcos/.m2/repository/org/apache/tomcat/embed/tomcat-embed-core/9.0.22/tomcat-embed-core-9.0.22.jar:/home/marcos/.m2/repository/org/apache/tomcat/embed/tomcat-embed-el/9.0.22/tomcat-embed-el-9.0.22.jar:/home/marcos/.m2/repository/org/apache/tomcat/embed/tomcat-embed-websocket/9.0.22/tomcat-embed-websocket-9.0.22.jar:/home/marcos/.m2/repository/org/springframework/boot/spring-boot-starter-validation/2.1.7.RELEASE/spring-boot-starter-validation-2.1.7.RELEASE.jar:/home/marcos/.m2/repository/org/hibernate/validator/hibernate-validator/6.0.17.Final/hibernate-validator-6.0.17.Final.jar:/home/marcos/.m2/repository/javax/validation/validation-api/2.0.1.Final/validation-api-2.0.1.Final.jar:/home/marcos/.m2/repository/org/springframework/spring-web/5.1.9.RELEASE/spring-web-5.1.9.RELEASE.jar:/home/marcos/.m2/repository/org/springframework/spring-beans/5.1.9.RELEASE/spring-beans-5.1.9.RELEASE.jar:/home/marcos/.m2/repository/org/springframework/spring-webmvc/5.1.9.RELEASE/spring-webmvc-5.1.9.RELEASE.jar:/home/marcos/.m2/repository/org/springframework/spring-context/5.1.9.RELEASE/spring-context-5.1.9.RELEASE.jar:/home/marcos/.m2/repository/org/springframework/spring-expression/5.1.9.RELEASE/spring-expression-5.1.9.RELEASE.jar:/home/marcos/.m2/repository/org/springframework/boot/spring-boot-starter-data-jpa/2.1.7.RELEASE/spring-boot-starter-data-jpa-2.1.7.RELEASE.jar:/home/marcos/.m2/repository/org/springframework/boot/spring-boot-starter-aop/2.1.7.RELEASE/spring-boot-starter-aop-2.1.7.RELEASE.jar:/home/marcos/.m2/repository/org/aspectj/aspectjweaver/1.9.4/aspectjweaver-1.9.4.jar:/home/marcos/.m2/repository/org/springframework/boot/spring-boot-starter-jdbc/2.1.7.RELEASE/spring-boot-starter-jdbc-2.1.7.RELEASE.jar:/home/marcos/.m2/repository/com/zaxxer/HikariCP/3.2.0/HikariCP-3.2.0.jar:/home/marcos/.m2/repository/org/springframework/spring-jdbc/5.1.9.RELEASE/spring-jdbc-5.1.9.RELEASE.jar:/home/marcos/.m2/repository/javax/transaction/javax.transaction-api/1.3/javax.transaction-api-1.3.jar:/home/marcos/.m2/repository/org/springframework/data/spring-data-jpa/2.1.10.RELEASE/spring-data-jpa-2.1.10.RELEASE.jar:/home/marcos/.m2/repository/org/springframework/data/spring-data-commons/2.1.10.RELEASE/spring-data-commons-2.1.10.RELEASE.jar:/home/marcos/.m2/repository/org/springframework/spring-orm/5.1.9.RELEASE/spring-orm-5.1.9.RELEASE.jar:/home/marcos/.m2/repository/org/springframework/spring-tx/5.1.9.RELEASE/spring-tx-5.1.9.RELEASE.jar:/home/marcos/.m2/repository/org/springframework/spring-aspects/5.1.9.RELEASE/spring-aspects-5.1.9.RELEASE.jar:/home/marcos/.m2/repository/org/springframework/boot/spring-boot-starter-security/2.1.7.RELEASE/spring-boot-starter-security-2.1.7.RELEASE.jar:/home/marcos/.m2/repository/org/springframework/spring-aop/5.1.9.RELEASE/spring-aop-5.1.9.RELEASE.jar:/home/marcos/.m2/repository/org/springframework/security/spring-security-config/5.1.6.RELEASE/spring-security-config-5.1.6.RELEASE.jar:/home/marcos/.m2/repository/org/springframework/security/spring-security-web/5.1.6.RELEASE/spring-security-web-5.1.6.RELEASE.jar:/home/marcos/.m2/repository/org/springframework/security/oauth/boot/spring-security-oauth2-autoconfigure/2.1.1.RELEASE/spring-security-oauth2-autoconfigure-2.1.1.RELEASE.jar:/home/marcos/.m2/repository/com/fasterxml/jackson/core/jackson-annotations/2.9.0/jackson-annotations-2.9.0.jar:/home/marcos/.m2/repository/com/fasterxml/jackson/core/jackson-databind/2.9.9/jackson-databind-2.9.9.jar:/home/marcos/.m2/repository/com/fasterxml/jackson/core/jackson-core/2.9.9/jackson-core-2.9.9.jar:/home/marcos/.m2/repository/com/sun/xml/bind/jaxb-core/2.3.0.1/jaxb-core-2.3.0.1.jar:/home/marcos/.m2/repository/com/sun/xml/bind/jaxb-impl/2.3.0.1/jaxb-impl-2.3.0.1.jar:/home/marcos/.m2/repository/org/springframework/boot/spring-boot/2.1.7.RELEASE/spring-boot-2.1.7.RELEASE.jar:/home/marcos/.m2/repository/org/springframework/boot/spring-boot-autoconfigure/2.1.7.RELEASE/spring-boot-autoconfigure-2.1.7.RELEASE.jar:/home/marcos/.m2/repository/org/springframework/security/oauth/spring-security-oauth2/2.3.4.RELEASE/spring-security-oauth2-2.3.4.RELEASE.jar:/home/marcos/.m2/repository/commons-codec/commons-codec/1.11/commons-codec-1.11.jar:/home/marcos/.m2/repository/org/codehaus/jackson/jackson-mapper-asl/1.9.13/jackson-mapper-asl-1.9.13.jar:/home/marcos/.m2/repository/org/codehaus/jackson/jackson-core-asl/1.9.13/jackson-core-asl-1.9.13.jar:/home/marcos/.m2/repository/org/springframework/security/spring-security-jwt/1.0.9.RELEASE/spring-security-jwt-1.0.9.RELEASE.jar:/home/marcos/.m2/repository/org/bouncycastle/bcpkix-jdk15on/1.56/bcpkix-jdk15on-1.56.jar:/home/marcos/.m2/repository/org/bouncycastle/bcprov-jdk15on/1.56/bcprov-jdk15on-1.56.jar:/home/marcos/.m2/repository/mysql/mysql-connector-java/8.0.15/mysql-connector-java-8.0.15.jar:/home/marcos/.m2/repository/com/google/cloud/sql/mysql-socket-factory-connector-j-8/1.0.15/mysql-socket-factory-connector-j-8-1.0.15.jar:/home/marcos/.m2/repository/com/google/cloud/sql/jdbc-socket-factory-core/1.0.15/jdbc-socket-factory-core-1.0.15.jar:/home/marcos/.m2/repository/com/google/apis/google-api-services-sqladmin/v1beta4-rev20190607-1.30.1/google-api-services-sqladmin-v1beta4-rev20190607-1.30.1.jar:/home/marcos/.m2/repository/com/google/auth/google-auth-library-oauth2-http/0.17.1/google-auth-library-oauth2-http-0.17.1.jar:/home/marcos/.m2/repository/com/google/auto/value/auto-value-annotations/1.6.6/auto-value-annotations-1.6.6.jar:/home/marcos/.m2/repository/com/google/http-client/google-http-client-jackson2/1.31.0/google-http-client-jackson2-1.31.0.jar:/home/marcos/.m2/repository/com/github/jnr/jnr-unixsocket/0.23/jnr-unixsocket-0.23.jar:/home/marcos/.m2/repository/com/github/jnr/jnr-ffi/2.1.10/jnr-ffi-2.1.10.jar:/home/marcos/.m2/repository/com/github/jnr/jffi/1.2.19/jffi-1.2.19.jar:/home/marcos/.m2/repository/com/github/jnr/jffi/1.2.19/jffi-1.2.19-native.jar:/home/marcos/.m2/repository/org/ow2/asm/asm-commons/7.1/asm-commons-7.1.jar:/home/marcos/.m2/repository/com/github/jnr/jnr-a64asm/1.0.0/jnr-a64asm-1.0.0.jar:/home/marcos/.m2/repository/com/github/jnr/jnr-x86asm/1.0.2/jnr-x86asm-1.0.2.jar:/home/marcos/.m2/repository/com/github/jnr/jnr-constants/0.9.12/jnr-constants-0.9.12.jar:/home/marcos/.m2/repository/com/github/jnr/jnr-enxio/0.21/jnr-enxio-0.21.jar:/home/marcos/.m2/repository/com/github/jnr/jnr-posix/3.0.50/jnr-posix-3.0.50.jar:/home/marcos/.m2/repository/org/ow2/asm/asm-util/7.1/asm-util-7.1.jar:/home/marcos/.m2/repository/org/ow2/asm/asm/7.1/asm-7.1.jar:/home/marcos/.m2/repository/org/ow2/asm/asm-tree/7.1/asm-tree-7.1.jar:/home/marcos/.m2/repository/org/ow2/asm/asm-analysis/7.1/asm-analysis-7.1.jar:/home/marcos/.m2/repository/org/springframework/boot/spring-boot-starter-test/2.1.7.RELEASE/spring-boot-starter-test-2.1.7.RELEASE.jar:/home/marcos/.m2/repository/org/springframework/boot/spring-boot-test/2.1.7.RELEASE/spring-boot-test-2.1.7.RELEASE.jar:/home/marcos/.m2/repository/org/springframework/boot/spring-boot-test-autoconfigure/2.1.7.RELEASE/spring-boot-test-autoconfigure-2.1.7.RELEASE.jar:/home/marcos/.m2/repository/com/jayway/jsonpath/json-path/2.4.0/json-path-2.4.0.jar:/home/marcos/.m2/repository/net/minidev/json-smart/2.3/json-smart-2.3.jar:/home/marcos/.m2/repository/net/minidev/accessors-smart/1.2/accessors-smart-1.2.jar:/home/marcos/.m2/repository/junit/junit/4.12/junit-4.12.jar:/home/marcos/.m2/repository/org/assertj/assertj-core/3.11.1/assertj-core-3.11.1.jar:/home/marcos/.m2/repository/org/mockito/mockito-core/2.23.4/mockito-core-2.23.4.jar:/home/marcos/.m2/repository/net/bytebuddy/byte-buddy-agent/1.9.16/byte-buddy-agent-1.9.16.jar:/home/marcos/.m2/repository/org/objenesis/objenesis/2.6/objenesis-2.6.jar:/home/marcos/.m2/repository/org/hamcrest/hamcrest-core/1.3/hamcrest-core-1.3.jar:/home/marcos/.m2/repository/org/hamcrest/hamcrest-library/1.3/hamcrest-library-1.3.jar:/home/marcos/.m2/repository/org/skyscreamer/jsonassert/1.5.0/jsonassert-1.5.0.jar:/home/marcos/.m2/repository/com/vaadin/external/google/android-json/0.0.20131108.vaadin1/android-json-0.0.20131108.vaadin1.jar:/home/marcos/.m2/repository/org/springframework/spring-core/5.1.9.RELEASE/spring-core-5.1.9.RELEASE.jar:/home/marcos/.m2/repository/org/springframework/spring-jcl/5.1.9.RELEASE/spring-jcl-5.1.9.RELEASE.jar:/home/marcos/.m2/repository/org/springframework/spring-test/5.1.9.RELEASE/spring-test-5.1.9.RELEASE.jar:/home/marcos/.m2/repository/org/xmlunit/xmlunit-core/2.6.3/xmlunit-core-2.6.3.jar:/home/marcos/.m2/repository/org/springframework/security/spring-security-test/5.1.6.RELEASE/spring-security-test-5.1.6.RELEASE.jar:/home/marcos/.m2/repository/org/springframework/security/spring-security-core/5.1.6.RELEASE/spring-security-core-5.1.6.RELEASE.jar:/home/marcos/.m2/repository/javax/servlet/javax.servlet-api/4.0.1/javax.servlet-api-4.0.1.jar:/home/marcos/.m2/repository/org/slf4j/jul-to-slf4j/1.7.26/jul-to-slf4j-1.7.26.jar:/home/marcos/.m2/repository/org/slf4j/slf4j-api/1.7.26/slf4j-api-1.7.26.jar:/home/marcos/.m2/repository/org/hibernate/hibernate-core/5.4.0.Final/hibernate-core-5.4.0.Final.jar:/home/marcos/.m2/repository/org/jboss/logging/jboss-logging/3.3.2.Final/jboss-logging-3.3.2.Final.jar:/home/marcos/.m2/repository/javax/persistence/javax.persistence-api/2.2/javax.persistence-api-2.2.jar:/home/marcos/.m2/repository/org/javassist/javassist/3.24.0-GA/javassist-3.24.0-GA.jar:/home/marcos/.m2/repository/net/bytebuddy/byte-buddy/1.9.16/byte-buddy-1.9.16.jar:/home/marcos/.m2/repository/antlr/antlr/2.7.7/antlr-2.7.7.jar:/home/marcos/.m2/repository/org/jboss/spec/javax/transaction/jboss-transaction-api_1.2_spec/1.1.1.Final/jboss-transaction-api_1.2_spec-1.1.1.Final.jar:/home/marcos/.m2/repository/org/jboss/jandex/2.0.5.Final/jandex-2.0.5.Final.jar:/home/marcos/.m2/repository/com/fasterxml/classmate/1.4.0/classmate-1.4.0.jar:/home/marcos/.m2/repository/javax/activation/javax.activation-api/1.2.0/javax.activation-api-1.2.0.jar:/home/marcos/.m2/repository/org/dom4j/dom4j/2.1.1/dom4j-2.1.1.jar:/home/marcos/.m2/repository/org/hibernate/common/hibernate-commons-annotations/5.1.0.Final/hibernate-commons-annotations-5.1.0.Final.jar:/home/marcos/.m2/repository/org/glassfish/jaxb/jaxb-runtime/2.3.1/jaxb-runtime-2.3.1.jar:/home/marcos/.m2/repository/org/glassfish/jaxb/txw2/2.3.1/txw2-2.3.1.jar:/home/marcos/.m2/repository/com/sun/istack/istack-commons-runtime/3.0.7/istack-commons-runtime-3.0.7.jar:/home/marcos/.m2/repository/org/jvnet/staxex/stax-ex/1.8/stax-ex-1.8.jar:/home/marcos/.m2/repository/com/sun/xml/fastinfoset/FastInfoset/1.2.15/FastInfoset-1.2.15.jar:/home/marcos/.m2/repository/javax/xml/bind/jaxb-api/2.3.0/jaxb-api-2.3.0.jar:/home/marcos/.m2/repository/org/springframework/cloud/spring-cloud-gcp-starter-sql-mysql/1.2.0.RELEASE/spring-cloud-gcp-starter-sql-mysql-1.2.0.RELEASE.jar:/home/marcos/.m2/repository/org/springframework/cloud/spring-cloud-gcp-starter/1.2.0.RELEASE/spring-cloud-gcp-starter-1.2.0.RELEASE.jar:/home/marcos/.m2/repository/org/springframework/cloud/spring-cloud-gcp-core/1.2.0.RELEASE/spring-cloud-gcp-core-1.2.0.RELEASE.jar:/home/marcos/.m2/repository/org/springframework/cloud/spring-cloud-gcp-autoconfigure/1.2.0.RELEASE/spring-cloud-gcp-autoconfigure-1.2.0.RELEASE.jar:/home/marcos/.m2/repository/com/google/cloud/sql/mysql-socket-factory/1.0.15/mysql-socket-factory-1.0.15.jar:/home/marcos/.m2/repository/com/google/cloud/google-cloud-storage/1.101.0/google-cloud-storage-1.101.0.jar:/home/marcos/.m2/repository/com/google/cloud/google-cloud-core-http/1.91.3/google-cloud-core-http-1.91.3.jar:/home/marcos/.m2/repository/com/google/cloud/google-cloud-core/1.91.3/google-cloud-core-1.91.3.jar:/home/marcos/.m2/repository/com/google/protobuf/protobuf-java-util/3.10.0/protobuf-java-util-3.10.0.jar:/home/marcos/.m2/repository/com/google/api/grpc/proto-google-common-protos/1.17.0/proto-google-common-protos-1.17.0.jar:/home/marcos/.m2/repository/com/google/api/grpc/proto-google-iam-v1/0.13.0/proto-google-iam-v1-0.13.0.jar:/home/marcos/.m2/repository/org/threeten/threetenbp/1.3.3/threetenbp-1.3.3.jar:/home/marcos/.m2/repository/com/google/protobuf/protobuf-java/3.10.0/protobuf-java-3.10.0.jar:/home/marcos/.m2/repository/com/google/auth/google-auth-library-credentials/0.18.0/google-auth-library-credentials-0.18.0.jar:/home/marcos/.m2/repository/com/google/http-client/google-http-client/1.32.1/google-http-client-1.32.1.jar:/home/marcos/.m2/repository/org/apache/httpcomponents/httpclient/4.5.9/httpclient-4.5.9.jar:/home/marcos/.m2/repository/org/apache/httpcomponents/httpcore/4.4.11/httpcore-4.4.11.jar:/home/marcos/.m2/repository/com/google/j2objc/j2objc-annotations/1.3/j2objc-annotations-1.3.jar:/home/marcos/.m2/repository/com/google/guava/guava/28.1-android/guava-28.1-android.jar:/home/marcos/.m2/repository/com/google/guava/failureaccess/1.0.1/failureaccess-1.0.1.jar:/home/marcos/.m2/repository/com/google/guava/listenablefuture/9999.0-empty-to-avoid-conflict-with-guava/listenablefuture-9999.0-empty-to-avoid-conflict-with-guava.jar:/home/marcos/.m2/repository/org/checkerframework/checker-compat-qual/2.5.5/checker-compat-qual-2.5.5.jar:/home/marcos/.m2/repository/com/google/errorprone/error_prone_annotations/2.3.2/error_prone_annotations-2.3.2.jar:/home/marcos/.m2/repository/org/codehaus/mojo/animal-sniffer-annotations/1.18/animal-sniffer-annotations-1.18.jar:/home/marcos/.m2/repository/com/google/api-client/google-api-client/1.30.4/google-api-client-1.30.4.jar:/home/marcos/.m2/repository/com/google/oauth-client/google-oauth-client/1.30.3/google-oauth-client-1.30.3.jar:/home/marcos/.m2/repository/com/google/http-client/google-http-client-appengine/1.32.1/google-http-client-appengine-1.32.1.jar:/home/marcos/.m2/repository/com/google/api/gax/1.49.1/gax-1.49.1.jar:/home/marcos/.m2/repository/com/google/api/gax-httpjson/0.66.1/gax-httpjson-0.66.1.jar:/home/marcos/.m2/repository/com/google/code/gson/gson/2.8.5/gson-2.8.5.jar:/home/marcos/.m2/repository/com/google/code/findbugs/jsr305/3.0.2/jsr305-3.0.2.jar:/home/marcos/.m2/repository/io/opencensus/opencensus-api/0.24.0/opencensus-api-0.24.0.jar:/home/marcos/.m2/repository/io/grpc/grpc-context/1.22.1/grpc-context-1.22.1.jar:/home/marcos/.m2/repository/io/opencensus/opencensus-contrib-http-util/0.24.0/opencensus-contrib-http-util-0.24.0.jar:/home/marcos/.m2/repository/com/google/api/api-common/1.8.1/api-common-1.8.1.jar:/home/marcos/.m2/repository/com/google/apis/google-api-services-storage/v1-rev20190910-1.30.3/google-api-services-storage-v1-rev20190910-1.30.3.jar:"/>
    <property name="sun.cpu.endian" value="little"/>
    <property name="user.home" value="/home/marcos"/>
    <property name="user.language" value="en"/>
    <property name="java.specification.vendor" value="Oracle Corporation"/>
    <property name="java.version.date" value="2019-07-16"/>
    <property name="java.home" value="/usr/lib/jvm/java-11-openjdk-amd64"/>
    <property name="file.separator" value="/"/>
    <property name="basedir" value="/home/marcos/git/fmr_api"/>
    <property name="java.vm.compressedOopsMode" value="32-bit"/>
    <property name="line.separator" value="&#10;"/>
    <property name="java.specification.name" value="Java Platform API Specification"/>
    <property name="java.vm.specification.vendor" value="Oracle Corporation"/>
    <property name="java.awt.graphicsenv" value="sun.awt.X11GraphicsEnvironment"/>
    <property name="surefire.real.class.path" value="/home/marcos/git/fmr_api/target/surefire/surefirebooter13675077019137748287.jar"/>
    <property name="sun.management.compiler" value="HotSpot 64-Bit Tiered Compilers"/>
    <property name="java.runtime.version" value="11.0.4+11-post-Ubuntu-1ubuntu218.04.3"/>
    <property name="user.name" value="marcos"/>
    <property name="path.separator" value=":"/>
    <property name="os.version" value="4.15.0-20-generic"/>
    <property name="java.runtime.name" value="OpenJDK Runtime Environment"/>
    <property name="file.encoding" value="UTF-8"/>
    <property name="java.vm.name" value="OpenJDK 64-Bit Server VM"/>
    <property name="localRepository" value="/home/marcos/.m2/repository"/>
    <property name="java.vendor.url.bug" value="https://bugs.launchpad.net/ubuntu/+source/openjdk-lts"/>
    <property name="java.io.tmpdir" value="/tmp"/>
    <property name="java.version" value="11.0.4"/>
    <property name="user.dir" value="/home/marcos/git/fmr_api"/>
    <property name="os.arch" value="amd64"/>
    <property name="java.vm.specification.name" value="Java Virtual Machine Specification"/>
    <property name="java.awt.printerjob" value="sun.print.PSPrinterJob"/>
    <property name="sun.os.patch.level" value="unknown"/>
    <property name="java.library.path" value="/usr/java/packages/lib:/usr/lib/x86_64-linux-gnu/jni:/lib/x86_64-linux-gnu:/usr/lib/x86_64-linux-gnu:/usr/lib/jni:/lib:/usr/lib"/>
    <property name="java.vendor" value="Ubuntu"/>
    <property name="java.vm.info" value="mixed mode, sharing"/>
    <property name="java.vm.version" value="11.0.4+11-post-Ubuntu-1ubuntu218.04.3"/>
    <property name="sun.io.unicode.encoding" value="UnicodeLittle"/>
    <property name="java.class.version" value="55.0"/>
  </properties>
  <testcase name="contextLoads" classname="mr.fmr.api.ApiApplicationTests" time="0.252"/>
</testsuite>